<?xml version="1.0" encoding="UTF-8"?>
<testsuite name="com.example.thisisspring.service.CoffeeBeanServiceTest" tests="1" skipped="0" failures="0" errors="0" timestamp="2023-11-22T04:13:40" hostname="MIN" time="0.492">
  <properties/>
  <testcase name="createCoffeeBeanTest()" classname="com.example.thisisspring.service.CoffeeBeanServiceTest" time="0.492"/>
  <system-out><![CDATA[13:13:35.053 [Test worker] INFO org.springframework.test.context.support.AnnotationConfigContextLoaderUtils -- Could not detect default configuration classes for test class [com.example.thisisspring.service.CoffeeBeanServiceTest]: CoffeeBeanServiceTest does not declare any static, non-private, non-final, nested classes annotated with @Configuration.
13:13:35.140 [Test worker] INFO org.springframework.boot.test.context.SpringBootTestContextBootstrapper -- Found @SpringBootConfiguration com.example.thisisspring.ThisIsSpringApplication for test class com.example.thisisspring.service.CoffeeBeanServiceTest
13:13:35.258 [Test worker] INFO org.springframework.boot.devtools.restart.RestartApplicationListener -- Restart disabled due to context in which it is running
13:13:35,424 |-INFO in ch.qos.logback.core.joran.action.ConversionRuleAction - registering conversion word clr with class [org.springframework.boot.logging.logback.ColorConverter]
13:13:35,453 |-INFO in ch.qos.logback.core.model.processor.AppenderModelHandler - Processing appender named [console]
13:13:35,453 |-INFO in ch.qos.logback.core.model.processor.AppenderModelHandler - About to instantiate appender of type [ch.qos.logback.core.ConsoleAppender]
13:13:35,456 |-INFO in ch.qos.logback.core.model.processor.ImplicitModelHandler - Assuming default type [ch.qos.logback.classic.encoder.PatternLayoutEncoder] for [encoder] property
13:13:35,469 |-WARN in ch.qos.logback.core.model.processor.AppenderModelHandler - Appender named [console-infolog] not referenced. Skipping further processing.
13:13:35,470 |-INFO in ch.qos.logback.classic.model.processor.LoggerModelHandler - Setting level of logger [com.example.thisisspring] to DEBUG
13:13:35,470 |-INFO in ch.qos.logback.classic.jul.LevelChangePropagator@7a5b769b - Propagating DEBUG level on Logger[com.example.thisisspring] onto the JUL framework
13:13:35,470 |-INFO in ch.qos.logback.classic.model.processor.LoggerModelHandler - Setting level of logger [jdbc.sqlonly] to INFO
13:13:35,470 |-INFO in ch.qos.logback.classic.jul.LevelChangePropagator@7a5b769b - Propagating INFO level on Logger[jdbc.sqlonly] onto the JUL framework
13:13:35,470 |-INFO in ch.qos.logback.classic.model.processor.LoggerModelHandler - Setting level of logger [jdbc.resultsettable] to INFO
13:13:35,470 |-INFO in ch.qos.logback.classic.jul.LevelChangePropagator@7a5b769b - Propagating INFO level on Logger[jdbc.resultsettable] onto the JUL framework
13:13:35,471 |-INFO in ch.qos.logback.classic.model.processor.RootLoggerModelHandler - Setting level of ROOT logger to INFO
13:13:35,471 |-INFO in ch.qos.logback.classic.jul.LevelChangePropagator@7a5b769b - Propagating INFO level on Logger[ROOT] onto the JUL framework
13:13:35,471 |-INFO in ch.qos.logback.core.model.processor.AppenderRefModelHandler - Attaching appender named [console] to Logger[ROOT]
13:13:35,471 |-INFO in ch.qos.logback.core.model.processor.DefaultProcessor@3d98d138 - End of configuration.
13:13:35,471 |-INFO in org.springframework.boot.logging.logback.SpringBootJoranConfigurator@2f2d52ef - Registering current configuration as safe fallback point

  .   ____          _            __ _ _
 /\\ / ___'_ __ _ _(_)_ __  __ _ \ \ \ \
( ( )\___ | '_ | '_| | '_ \/ _` | \ \ \ \
 \\/  ___)| |_)| | | | | || (_| |  ) ) ) )
  '  |____| .__|_| |_|_| |_\__, | / / / /
 =========|_|==============|___/=/_/_/_/
 :: Spring Boot ::                (v3.1.5)

?[32m2023-11-22 13:13:35.517?[0;39m ?[35m[Test worker]?[0;39m ?[34m INFO?[0;39m ?[36mcom.example.thisisspring.service.CoffeeBeanServiceTest?[0;39m - ?[33mStarting CoffeeBeanServiceTest using Java 17.0.8 with PID 7740 (started by astar in C:\thisIsSpring)
?[0;39m?[32m2023-11-22 13:13:35.518?[0;39m ?[35m[Test worker]?[0;39m ?[39mDEBUG?[0;39m ?[36mcom.example.thisisspring.service.CoffeeBeanServiceTest?[0;39m - ?[33mRunning with Spring Boot v3.1.5, Spring v6.0.13
?[0;39m?[32m2023-11-22 13:13:35.519?[0;39m ?[35m[Test worker]?[0;39m ?[34m INFO?[0;39m ?[36mcom.example.thisisspring.service.CoffeeBeanServiceTest?[0;39m - ?[33mNo active profile set, falling back to 1 default profile: "default"
?[0;39m?[32m2023-11-22 13:13:36.245?[0;39m ?[35m[Test worker]?[0;39m ?[34m INFO?[0;39m ?[36morg.springframework.data.repository.config.RepositoryConfigurationDelegate?[0;39m - ?[33mBootstrapping Spring Data JPA repositories in DEFAULT mode.
?[0;39m?[32m2023-11-22 13:13:36.289?[0;39m ?[35m[Test worker]?[0;39m ?[34m INFO?[0;39m ?[36morg.springframework.data.repository.config.RepositoryConfigurationDelegate?[0;39m - ?[33mFinished Spring Data repository scanning in 36 ms. Found 1 JPA repository interfaces.
?[0;39m?[32m2023-11-22 13:13:36.743?[0;39m ?[35m[Test worker]?[0;39m ?[34m INFO?[0;39m ?[36mcom.zaxxer.hikari.HikariDataSource?[0;39m - ?[33mHikariPool-1 - Starting...
?[0;39m?[32m2023-11-22 13:13:36.938?[0;39m ?[35m[Test worker]?[0;39m ?[34m INFO?[0;39m ?[36mcom.zaxxer.hikari.pool.HikariPool?[0;39m - ?[33mHikariPool-1 - Added connection conn0: url=jdbc:h2:mem:testdb user=SA
?[0;39m?[32m2023-11-22 13:13:36.940?[0;39m ?[35m[Test worker]?[0;39m ?[34m INFO?[0;39m ?[36mcom.zaxxer.hikari.HikariDataSource?[0;39m - ?[33mHikariPool-1 - Start completed.
?[0;39m?[32m2023-11-22 13:13:36.997?[0;39m ?[35m[Test worker]?[0;39m ?[34m INFO?[0;39m ?[36morg.hibernate.jpa.internal.util.LogHelper?[0;39m - ?[33mHHH000204: Processing PersistenceUnitInfo [name: default]
?[0;39m?[32m2023-11-22 13:13:37.079?[0;39m ?[35m[Test worker]?[0;39m ?[34m INFO?[0;39m ?[36morg.hibernate.Version?[0;39m - ?[33mHHH000412: Hibernate ORM core version 6.2.13.Final
?[0;39m?[32m2023-11-22 13:13:37.083?[0;39m ?[35m[Test worker]?[0;39m ?[34m INFO?[0;39m ?[36morg.hibernate.cfg.Environment?[0;39m - ?[33mHHH000406: Using bytecode reflection optimizer
?[0;39m?[32m2023-11-22 13:13:37.458?[0;39m ?[35m[Test worker]?[0;39m ?[34m INFO?[0;39m ?[36morg.springframework.orm.jpa.persistenceunit.SpringPersistenceUnitInfo?[0;39m - ?[33mNo LoadTimeWeaver setup: ignoring JPA class transformer
?[0;39m?[32m2023-11-22 13:13:38.179?[0;39m ?[35m[Test worker]?[0;39m ?[34m INFO?[0;39m ?[36morg.hibernate.engine.transaction.jta.platform.internal.JtaPlatformInitiator?[0;39m - ?[33mHHH000489: No JTA platform available (set 'hibernate.transaction.jta.platform' to enable JTA platform integration)
?[0;39m?[32m2023-11-22 13:13:38.206?[0;39m ?[35m[Test worker]?[0;39m ?[34m INFO?[0;39m ?[36morg.springframework.orm.jpa.LocalContainerEntityManagerFactoryBean?[0;39m - ?[33mInitialized JPA EntityManagerFactory for persistence unit 'default'
?[0;39m?[32m2023-11-22 13:13:39.029?[0;39m ?[35m[Test worker]?[0;39m ?[31m WARN?[0;39m ?[36morg.springframework.boot.autoconfigure.orm.jpa.JpaBaseConfiguration$JpaWebConfiguration?[0;39m - ?[33mspring.jpa.open-in-view is enabled by default. Therefore, database queries may be performed during view rendering. Explicitly configure spring.jpa.open-in-view to disable this warning
?[0;39m?[32m2023-11-22 13:13:40.143?[0;39m ?[35m[Test worker]?[0;39m ?[34m INFO?[0;39m ?[36mcom.example.thisisspring.service.CoffeeBeanServiceTest?[0;39m - ?[33mStarted CoffeeBeanServiceTest in 4.882 seconds (process running for 5.81)
?[0;39m]]></system-out>
  <system-err><![CDATA[]]></system-err>
</testsuite>
